Change Component Designator: OldDesignator=U NewDesignator=B3
Add Component: Footprint Not Found SOT95P230X110-3N
Add Component: Footprint Not Found WSHP28184L000FEA
Add Pin To Net: Unknown Pin: Pin *1-1
Add Pin To Net: Unknown Pin: Pin *1-2
Add Pin To Net: Unknown Pin: Pin *1-3
Add Pin To Net: Unknown Pin: Pin *1-4
Add Pin To Net: Unknown Pin: Pin *1-5
Add Pin To Net: Unknown Pin: Pin D2-1
Add Pin To Net: Unknown Pin: Pin D2-2
Add Pin To Net: Unknown Pin: Pin J7-1
Add Pin To Net: Unknown Pin: Pin J7-2
Add Pin To Net: Unknown Pin: Pin J7-3
Add Pin To Net: Unknown Pin: Pin J7-4
Add Pin To Net: Unknown Pin: Pin L1-1
Add Pin To Net: Unknown Pin: Pin L1-2
Add Pin To Net: Unknown Pin: Pin Q8-1
Add Pin To Net: Unknown Pin: Pin Q8-2
Add Pin To Net: Unknown Pin: Pin Q8-3
Add Pin To Net: Unknown Pin: Pin S1-1
Add Pin To Net: Unknown Pin: Pin S1-2
Add Pin To Net: Unknown Pin: Pin X1-1
Add Pin To Net: Unknown Pin: Pin X1-2
Change Net Name : Old Net Name=NetJ2_19 New Net Name=NetB3_11
Change Net Name : Old Net Name=NetJ2_21 New Net Name=NetB3_12
Change Net Name : Old Net Name=NetJ2_23 New Net Name=NetB3_13
Change Net Name : Old Net Name=NetJ2_26 New Net Name=NetB3_10
Change Net Name : Old Net Name=NetJ5_1 New Net Name=NetB3_5
Change Net Name : Old Net Name=NetJ6_1 New Net Name=NetB3_6
Change Net Name : Old Net Name=NetJ8_1 New Net Name=NetB3_7
Change Net Name : Old Net Name=NetJ9_1 New Net Name=NetB3_8
Change Net Name : Old Net Name=NetU_1 New Net Name=NetB3_1
Change Net Name : Old Net Name=NetU_2 New Net Name=NetB3_2
Change Net Name : Old Net Name=NetU_3 New Net Name=NetB3_3
Change Net Name : Old Net Name=NetU_4 New Net Name=NetB3_4
Add Class Member: Failed to add class member : Component *1 Balance Connector
Added Member To Class: ClassName=ADC Module Member=Component B3 MCU-MCP3008-I/P(DIP16-7.62MM)
Add Class Member: Failed to add class member : Component D2 Shottky Diode
Add Class Member: Failed to add class member : Component J7 LED Connector
Add Class Member: Failed to add class member : Component L1 Inductor
Add Class Member: Failed to add class member : Component Q8 BSS138W
Add Class Member: Failed to add class member : Component S1 Switch Normally Opened
Add Class Member: Failed to add class member : Component X1 WSHP28184L000FEA
Added Room: Name=ADC Module
Added Room: Name=Ballast Motor Control
Added Room: Name=BMS
Added Room: Name=Jetson Nano Connector
Added Room: Name=Power Supply
Added Room: Name=Status Light Control
