Removed Pin From Net: NetName=VCC5V0 Pin=*-2
Removed Pin From Net: NetName=GND Pin=*-3
Removed Pin From Net: NetName=GND Pin=J3: Talon SRX-11
Removed Pin From Net: NetName=GND Pin=J3: Talon SRX-12
Removed Pin From Net: NetName=GND Pin=J3: Talon SRX-13
Removed Pin From Net: NetName=VCC15V0 Pin=J3: Talon SRX-21
Removed Pin From Net: NetName=VCC15V0 Pin=J3: Talon SRX-22
Removed Pin From Net: NetName=VCC15V0 Pin=J3: Talon SRX-23
Removed Pin From Net: NetName=NetJ2_12 Pin=J4-1
Removed Pin From Net: NetName=VCC5V0 Pin=J4-2
Removed Pin From Net: NetName=NetB3_5 Pin=J5-1
Removed Pin From Net: NetName=GND Pin=J11: NMEA Bus-11
Removed Pin From Net: NetName=GND Pin=J11: NMEA Bus-12
Removed Pin From Net: NetName=GND Pin=J11: NMEA Bus-13
Removed Pin From Net: NetName=VCC15V0 Pin=J11: NMEA Bus-21
Removed Pin From Net: NetName=VCC15V0 Pin=J11: NMEA Bus-22
Removed Pin From Net: NetName=VCC15V0 Pin=J11: NMEA Bus-23
Removed Member From Class: ClassName=Jetson Nano Connector Member=*
Removed Member From Class: ClassName=Ballast Motor Control Member=J3: Talon SRX
Removed Member From Class: ClassName=NMEA 2000 Power Connect Member=J11: NMEA Bus
Change Comment: Unknown Component : J4
Change Comment: Unknown Component : J5
Change Component Designator: OldDesignator=J1: Battery NewDesignator=J1
Change component parameters: Designator = "R27" ("R27"); Footprint = "6-0805_M"; UniqueID = "\HGWKPUFE\DGQJBWTD" ("\HGWKPUFE\DGQJBWTD")
Change component parameters (AddParameter): Name = "DTEMP"; Value = ""; VariantName = "[No Variations]"
Change component parameters (AddParameter): Name = "SimulationGenericComponent"; Value = "True"; VariantName = "[No Variations]"
Change component parameters (AddParameter): Name = "T_REL_LOCAL"; Value = ""; VariantName = "[No Variations]"
Change component parameters (AddParameter): Name = "TC"; Value = ""; VariantName = "[No Variations]"
Change component parameters (AddParameter): Name = "TC1"; Value = "0"; VariantName = "[No Variations]"
Change component parameters (AddParameter): Name = "TC2"; Value = "0"; VariantName = "[No Variations]"
Change component parameters (AddParameter): Name = "TEMP"; Value = ""; VariantName = "[No Variations]"
Change component parameters (AddParameter): Name = "Value"; Value = "100k"; VariantName = "[No Variations]"
Added Component: Designator=J3(1333817)
Add component (AddParameter): Name = "Datasheet Link"; Value = "https://www.phoenixcontact.com/en-pc/products/pcb-terminal-block-lpta-16-2-100-zb-1333817"; VariantName = "[No Variations]"
Add component (AddParameter): Name = "Geometry.Height"; Value = "46.4mm"; VariantName = "[No Variations]"
Add component (AddParameter): Name = "Manufacturer_Name"; Value = "Phoenix Contact"; VariantName = "[No Variations]"
Add component (AddParameter): Name = "Manufacturer_Part_Number"; Value = "1333817"; VariantName = "[No Variations]"
Add component (AddParameter): Name = "Mouser Part Number"; Value = "651-1333817"; VariantName = "[No Variations]"
Add component (AddParameter): Name = "Mouser Price/Stock"; Value = "https://www.mouser.co.uk/ProductDetail/Phoenix-Contact/1333817?qs=Jm2GQyTW%2Fbi%252BbQzIAqu7ww%3D%3D"; VariantName = "[No Variations]"
Added Component: Designator=J4(3 Pin 0.1in Header)
Added Component: Designator=J5(3 Pin 0.1in Header)
Added Component: Designator=J11(1333817)
Add component (AddParameter): Name = "Datasheet Link"; Value = "https://www.phoenixcontact.com/en-pc/products/pcb-terminal-block-lpta-16-2-100-zb-1333817"; VariantName = "[No Variations]"
Add component (AddParameter): Name = "Geometry.Height"; Value = "46.4mm"; VariantName = "[No Variations]"
Add component (AddParameter): Name = "Manufacturer_Name"; Value = "Phoenix Contact"; VariantName = "[No Variations]"
Add component (AddParameter): Name = "Manufacturer_Part_Number"; Value = "1333817"; VariantName = "[No Variations]"
Add component (AddParameter): Name = "Mouser Part Number"; Value = "651-1333817"; VariantName = "[No Variations]"
Add component (AddParameter): Name = "Mouser Price/Stock"; Value = "https://www.mouser.co.uk/ProductDetail/Phoenix-Contact/1333817?qs=Jm2GQyTW%2Fbi%252BbQzIAqu7ww%3D%3D"; VariantName = "[No Variations]"
Added Component: Designator=J13(3 Pin 0.1in Header)
Add Component: Footprint Not Found MODULE_ESP32-DEVKITC
Add Pin To Net: Unknown Pin: Pin J3-2
Add Pin To Net: Unknown Pin: Pin J3-3
Added Pin To Net: NetName=GND Pin=J3-11
Added Pin To Net: NetName=GND Pin=J3-12
Added Pin To Net: NetName=GND Pin=J3-13
Added Pin To Net: NetName=VCC15V0 Pin=J3-21
Added Pin To Net: NetName=VCC15V0 Pin=J3-22
Added Pin To Net: NetName=VCC15V0 Pin=J3-23
Added Pin To Net: NetName=NetJ2_12 Pin=J4-1
Added Pin To Net: NetName=VCC3V3 Pin=J4-2
Added Pin To Net: NetName=VCC5V0 Pin=J4-2
Added Pin To Net: NetName=GND Pin=J4-3
Added Pin To Net: NetName=NetB3_5 Pin=J5-1
Added Pin To Net: NetName=VCC5V0 Pin=J5-2
Added Pin To Net: NetName=GND Pin=J5-3
Add Pin To Net: Unknown Pin: Pin J11-2
Add Pin To Net: Unknown Pin: Pin J11-3
Added Pin To Net: NetName=GND Pin=J11-11
Added Pin To Net: NetName=GND Pin=J11-12
Added Pin To Net: NetName=GND Pin=J11-13
Added Pin To Net: NetName=VCC15V0 Pin=J11-21
Added Pin To Net: NetName=VCC15V0 Pin=J11-22
Added Pin To Net: NetName=VCC15V0 Pin=J11-23
Add Pin To Net: Unknown Pin: Pin J12-2
Add Pin To Net: Unknown Pin: Pin J12-3
Added Pin To Net: NetName=GND Pin=J13-1
Added Pin To Net: NetName=VCC5V0 Pin=J13-2
Added Pin To Net: NetName=GND Pin=J13-3
Add Pin To Net: Unknown Pin: Pin J14-2
Add Pin To Net: Unknown Pin: Pin J14-3
Add Pin To Net: Unknown Pin: Pin S1-1
Add Pin To Net: Unknown Pin: Pin S1-2
Add Pin To Net: Unknown Pin: Pin U1-11
Add Pin To Net: Unknown Pin: Pin U1-14
Add Pin To Net: Unknown Pin: Pin U1-19
Add Pin To Net: Unknown Pin: Pin U1-32
Add Pin To Net: Unknown Pin: Pin U1-38
Added Net: Name=NetJ3_1
Added Pin To Net: NetName=NetJ4_1 Pin=J4-1
Added Net: Name=NetJ4_1
Added Pin To Net: NetName=NetJ5_1 Pin=J5-1
Added Net: Name=NetJ5_1
Added Net: Name=NetJ11_1
Added Net: Name=NetJ12_1
Added Net: Name=NetJ14_1
Added Net: Name=NetU1_5
Added Net: Name=NetU1_6
Added Net: Name=NetU1_34
Added Net: Name=NetU1_35
Added Class: Name=ESP32
Added Member To Class: ClassName=Ballast Motor Control Member=Component J3 1333817
Added Member To Class: ClassName=NMEA 2000 Power Connect Member=Component J11 1333817
Add Class Member: Failed to add class member : Component S1 Switch Normally Opened
Added Room: Name=Jetson Nano Connector
