Removed Pin From Net: NetName=NetJ4_1 Pin=J4-1
Removed Pin From Net: NetName=NetJ5_1 Pin=J5-1
Added Component: Designator=J3(3 Pin 0.1in Header)
Added Component: Designator=J4(3 Pin 0.1in Header)
Added Component: Designator=J5(3 Pin 0.1in Header)
Added Component: Designator=J11(3 Pin 0.1in Header)
Added Component: Designator=J12(3 Pin 0.1in Header)
Added Component: Designator=J14(3 Pin 0.1in Header)
Added Component: Designator=U1(3 Pin 0.1in Header)
Add component (AddParameter): Name = "Availability"; Value = "In Stock"; VariantName = "[No Variations]"
Add component (AddParameter): Name = "Check_prices"; Value = "https://www.snapeda.com/parts/ESP32-DEVKITC/Espressif+Systems/view-part/?ref=eda"; VariantName = "[No Variations]"
Add component (AddParameter): Name = "MF"; Value = "Espressif Systems"; VariantName = "[No Variations]"
Add component (AddParameter): Name = "MP"; Value = "ESP32-DEVKITC"; VariantName = "[No Variations]"
Add component (AddParameter): Name = "Package"; Value = "None"; VariantName = "[No Variations]"
Add component (AddParameter): Name = "Price"; Value = "None"; VariantName = "[No Variations]"
Add component (AddParameter): Name = "Purchase-URL"; Value = "https://pricing.snapeda.com/search/part/ESP32-DEVKITC/?ref=eda"; VariantName = "[No Variations]"
Add component (AddParameter): Name = "SnapEDA_Link"; Value = "https://www.snapeda.com/parts/ESP32-DEVKITC/Espressif+Systems/view-part/?ref=snap"; VariantName = "[No Variations]"
Add component (AddParameter): Name = "Value"; Value = ""; VariantName = "[No Variations]"
Added Pin To Net: NetName=NetJ3_1 Pin=J3-1
Added Pin To Net: NetName=VCC5V0 Pin=J3-2
Added Pin To Net: NetName=GND Pin=J3-3
Added Pin To Net: NetName=NetJ2_12 Pin=J4-1
Added Pin To Net: NetName=NetJ4_1 Pin=J4-1
Added Pin To Net: NetName=VCC3V3 Pin=J4-2
Added Pin To Net: NetName=GND Pin=J4-3
Added Pin To Net: NetName=NetB3_5 Pin=J5-1
Added Pin To Net: NetName=NetJ5_1 Pin=J5-1
Added Pin To Net: NetName=VCC5V0 Pin=J5-2
Added Pin To Net: NetName=GND Pin=J5-3
Added Pin To Net: NetName=NetJ11_1 Pin=J11-1
Added Pin To Net: NetName=VCC3V3 Pin=J11-2
Added Pin To Net: NetName=GND Pin=J11-3
Added Pin To Net: NetName=NetJ12_1 Pin=J12-1
Added Pin To Net: NetName=VCC5V0 Pin=J12-2
Added Pin To Net: NetName=GND Pin=J12-3
Added Pin To Net: NetName=NetJ14_1 Pin=J14-1
Added Pin To Net: NetName=VCC3V3 Pin=J14-2
Added Pin To Net: NetName=GND Pin=J14-3
Add Pin To Net: Unknown Pin: Pin S1-1
Add Pin To Net: Unknown Pin: Pin S1-2
Add Pin To Net: Unknown Pin: Pin U1-5
Add Pin To Net: Unknown Pin: Pin U1-6
Add Pin To Net: Unknown Pin: Pin U1-8
Add Pin To Net: Unknown Pin: Pin U1-9
Add Pin To Net: Unknown Pin: Pin U1-10
Add Pin To Net: Unknown Pin: Pin U1-11
Add Pin To Net: Unknown Pin: Pin U1-14
Add Pin To Net: Unknown Pin: Pin U1-19
Add Pin To Net: Unknown Pin: Pin U1-23
Add Pin To Net: Unknown Pin: Pin U1-24
Add Pin To Net: Unknown Pin: Pin U1-26
Add Pin To Net: Unknown Pin: Pin U1-32
Add Pin To Net: Unknown Pin: Pin U1-34
Add Pin To Net: Unknown Pin: Pin U1-35
Add Pin To Net: Unknown Pin: Pin U1-38
Added Member To Class: ClassName=Ballast Motor Control Member=Component J3 1333817
Added Member To Class: ClassName=ESP32 Member=Component J3 Misc Header
Added Member To Class: ClassName=Ballast Motor Control Member=Component J4 Servo Connector
Added Member To Class: ClassName=ESP32 Member=Component J4 Misc Header
Added Member To Class: ClassName=Ballast Motor Control Member=Component J5 Servo Connector
Added Member To Class: ClassName=ESP32 Member=Component J5 Misc Header
Added Member To Class: ClassName=ESP32 Member=Component J11 Misc Header
Added Member To Class: ClassName=NMEA 2000 Power Connect Member=Component J11 1333817
Added Member To Class: ClassName=ESP32 Member=Component J12 Misc Header
Added Member To Class: ClassName=ESP32 Member=Component J14 Misc Header
Add Class Member: Failed to add class member : Component S1 Switch Normally Opened
Added Member To Class: ClassName=ESP32 Member=Component U1 ESP32-DEVKITC
Added Room: Name=Ballast Motor Control
Added Room: Name=Jetson Nano Connector
