Removed Pin From Net: NetName=GND Pin=R30-1
Removed Member From Class: ClassName=BMS Member=R30
Add Component: Footprint Not Found SOIC127P600X170-8N
Added Component: Designator=B2(SOP65P640X120-20N)
Add component (AddParameter): Name = "Datasheet Link"; Value = "http://www.ti.com/lit/gpn/bq77904"; VariantName = "[No Variations]"
Add component (AddParameter): Name = "Geometry.Height"; Value = "1.2mm"; VariantName = "[No Variations]"
Add component (AddParameter): Name = "Manufacturer_Name"; Value = "Texas Instruments"; VariantName = "[No Variations]"
Add component (AddParameter): Name = "Manufacturer_Part_Number"; Value = "BQ7790400PWR"; VariantName = "[No Variations]"
Add component (AddParameter): Name = "Mouser Part Number"; Value = "595-BQ7790400PWR"; VariantName = "[No Variations]"
Add component (AddParameter): Name = "Mouser Price/Stock"; Value = "https://www.mouser.co.uk/ProductDetail/Texas-Instruments/BQ7790400PWR?qs=SMCV84mnLhnU0KDK1YzY%252Bw%3D%3D"; VariantName = "[No Variations]"
Added Component: Designator=J1(Jetson Nano Header)
Added Component: Designator=Q1(BUK6Y2440PX)
Add component (AddParameter): Name = "Datasheet Link"; Value = "https://assets.nexperia.com/documents/data-sheet/BUK6Y24-40P.pdf"; VariantName = "[No Variations]"
Add component (AddParameter): Name = "Geometry.Height"; Value = "1.2mm"; VariantName = "[No Variations]"
Add component (AddParameter): Name = "Manufacturer_Name"; Value = "Nexperia"; VariantName = "[No Variations]"
Add component (AddParameter): Name = "Manufacturer_Part_Number"; Value = "BUK6Y24-40PX"; VariantName = "[No Variations]"
Add component (AddParameter): Name = "Mouser Part Number"; Value = "771-BUK6Y24-40PX"; VariantName = "[No Variations]"
Add component (AddParameter): Name = "Mouser Price/Stock"; Value = "https://www.mouser.co.uk/ProductDetail/Nexperia/BUK6Y24-40PX?qs=vmHwEFxEFR8tyd2WwTEwBg%3D%3D"; VariantName = "[No Variations]"
Added Component: Designator=Q2(SOT65P210X110-3N)
Add component (AddParameter): Name = "Datasheet Link"; Value = "https://www.onsemi.com/pub/Collateral/BSS138W-D.pdf"; VariantName = "[No Variations]"
Add component (AddParameter): Name = "Geometry.Height"; Value = "1.1mm"; VariantName = "[No Variations]"
Add component (AddParameter): Name = "Manufacturer_Name"; Value = "onsemi"; VariantName = "[No Variations]"
Add component (AddParameter): Name = "Manufacturer_Part_Number"; Value = "BSS138W"; VariantName = "[No Variations]"
Add component (AddParameter): Name = "Mouser Part Number"; Value = "512-BSS138W"; VariantName = "[No Variations]"
Add component (AddParameter): Name = "Mouser Price/Stock"; Value = "https://www.mouser.co.uk/ProductDetail/onsemi-Fairchild/BSS138W?qs=iQhsftLtcNQX02h325QGXg%3D%3D"; VariantName = "[No Variations]"
Added Component: Designator=Q3(SOT95P230X110-3N)
Add component (AddParameter): Name = "Datasheet Link"; Value = "https://assets.nexperia.com/documents/data-sheet/BSH202.pdf"; VariantName = "[No Variations]"
Add component (AddParameter): Name = "Geometry.Height"; Value = "1.1mm"; VariantName = "[No Variations]"
Add component (AddParameter): Name = "Manufacturer_Name"; Value = "Nexperia"; VariantName = "[No Variations]"
Add component (AddParameter): Name = "Manufacturer_Part_Number"; Value = "BSH202,215"; VariantName = "[No Variations]"
Add component (AddParameter): Name = "Mouser Part Number"; Value = "771-BSH202215"; VariantName = "[No Variations]"
Add component (AddParameter): Name = "Mouser Price/Stock"; Value = "https://www.mouser.co.uk/ProductDetail/Nexperia/BSH202215?qs=me8TqzrmIYVIfEr%252BmEwLmg%3D%3D"; VariantName = "[No Variations]"
Added Component: Designator=Q4(SOT65P210X110-3N)
Add component (AddParameter): Name = "Datasheet Link"; Value = "https://www.onsemi.com/pub/Collateral/BSS138W-D.pdf"; VariantName = "[No Variations]"
Add component (AddParameter): Name = "Geometry.Height"; Value = "1.1mm"; VariantName = "[No Variations]"
Add component (AddParameter): Name = "Manufacturer_Name"; Value = "onsemi"; VariantName = "[No Variations]"
Add component (AddParameter): Name = "Manufacturer_Part_Number"; Value = "BSS138W"; VariantName = "[No Variations]"
Add component (AddParameter): Name = "Mouser Part Number"; Value = "512-BSS138W"; VariantName = "[No Variations]"
Add component (AddParameter): Name = "Mouser Price/Stock"; Value = "https://www.mouser.co.uk/ProductDetail/onsemi-Fairchild/BSS138W?qs=iQhsftLtcNQX02h325QGXg%3D%3D"; VariantName = "[No Variations]"
Added Component: Designator=Q5(SOT95P230X110-3N)
Add component (AddParameter): Name = "Datasheet Link"; Value = "https://assets.nexperia.com/documents/data-sheet/BSH202.pdf"; VariantName = "[No Variations]"
Add component (AddParameter): Name = "Geometry.Height"; Value = "1.1mm"; VariantName = "[No Variations]"
Add component (AddParameter): Name = "Manufacturer_Name"; Value = "Nexperia"; VariantName = "[No Variations]"
Add component (AddParameter): Name = "Manufacturer_Part_Number"; Value = "BSH202,215"; VariantName = "[No Variations]"
Add component (AddParameter): Name = "Mouser Part Number"; Value = "771-BSH202215"; VariantName = "[No Variations]"
Add component (AddParameter): Name = "Mouser Price/Stock"; Value = "https://www.mouser.co.uk/ProductDetail/Nexperia/BSH202215?qs=me8TqzrmIYVIfEr%252BmEwLmg%3D%3D"; VariantName = "[No Variations]"
Added Component: Designator=Q6(SOT65P210X110-3N)
Add component (AddParameter): Name = "Datasheet Link"; Value = "https://www.onsemi.com/pub/Collateral/BSS138W-D.pdf"; VariantName = "[No Variations]"
Add component (AddParameter): Name = "Geometry.Height"; Value = "1.1mm"; VariantName = "[No Variations]"
Add component (AddParameter): Name = "Manufacturer_Name"; Value = "onsemi"; VariantName = "[No Variations]"
Add component (AddParameter): Name = "Manufacturer_Part_Number"; Value = "BSS138W"; VariantName = "[No Variations]"
Add component (AddParameter): Name = "Mouser Part Number"; Value = "512-BSS138W"; VariantName = "[No Variations]"
Add component (AddParameter): Name = "Mouser Price/Stock"; Value = "https://www.mouser.co.uk/ProductDetail/onsemi-Fairchild/BSS138W?qs=iQhsftLtcNQX02h325QGXg%3D%3D"; VariantName = "[No Variations]"
Added Component: Designator=Q7(SOT95P230X110-3N)
Add component (AddParameter): Name = "Datasheet Link"; Value = "https://assets.nexperia.com/documents/data-sheet/BSH202.pdf"; VariantName = "[No Variations]"
Add component (AddParameter): Name = "Geometry.Height"; Value = "1.1mm"; VariantName = "[No Variations]"
Add component (AddParameter): Name = "Manufacturer_Name"; Value = "Nexperia"; VariantName = "[No Variations]"
Add component (AddParameter): Name = "Manufacturer_Part_Number"; Value = "BSH202,215"; VariantName = "[No Variations]"
Add component (AddParameter): Name = "Mouser Part Number"; Value = "771-BSH202215"; VariantName = "[No Variations]"
Add component (AddParameter): Name = "Mouser Price/Stock"; Value = "https://www.mouser.co.uk/ProductDetail/Nexperia/BSH202215?qs=me8TqzrmIYVIfEr%252BmEwLmg%3D%3D"; VariantName = "[No Variations]"
Add Component: Footprint Not Found SOT95P230X110-3N
Add Component: Footprint Not Found SOIC127P600X175-14N
Add Component: Footprint Not Found DIP16-2.54-19.2X7.62MM
Add Pin To Net: Unknown Pin: Pin *1-1
Add Pin To Net: Unknown Pin: Pin *1-2
Add Pin To Net: Unknown Pin: Pin *1-3
Add Pin To Net: Unknown Pin: Pin *1-4
Add Pin To Net: Unknown Pin: Pin *1-5
Add Pin To Net: Unknown Pin: Pin *-1
Add Pin To Net: Unknown Pin: Pin *-2
Add Pin To Net: Unknown Pin: Pin *-3
Add Pin To Net: Unknown Pin: Pin B1-1
Add Pin To Net: Unknown Pin: Pin B1-2
Add Pin To Net: Unknown Pin: Pin B1-3
Add Pin To Net: Unknown Pin: Pin B1-4
Add Pin To Net: Unknown Pin: Pin B1-5
Add Pin To Net: Unknown Pin: Pin B1-6
Add Pin To Net: Unknown Pin: Pin B1-7
Add Pin To Net: Unknown Pin: Pin B1-8
Added Pin To Net: NetName=NetB2_1 Pin=B2-1
Added Pin To Net: NetName=NetB2_2 Pin=B2-2
Added Pin To Net: NetName=NetB2_3 Pin=B2-3
Added Pin To Net: NetName=NetB2_3 Pin=B2-4
Added Pin To Net: NetName=NetB2_5 Pin=B2-5
Added Pin To Net: NetName=NetB2_6 Pin=B2-6
Added Pin To Net: NetName=NetB2_7 Pin=B2-7
Added Pin To Net: NetName=GND Pin=B2-8
Added Pin To Net: NetName=NetB2_9 Pin=B2-9
Added Pin To Net: NetName=NetB2_10 Pin=B2-10
Added Pin To Net: NetName=NetB2_11 Pin=B2-11
Added Pin To Net: NetName=GND Pin=B2-14
Added Pin To Net: NetName=NetB2_15 Pin=B2-15
Added Pin To Net: NetName=NetB2_16 Pin=B2-16
Added Pin To Net: NetName=NetB2_2 Pin=B2-17
Added Pin To Net: NetName=GND Pin=B2-18
Added Pin To Net: NetName=GND Pin=B2-19
Added Pin To Net: NetName=GND Pin=B2-20
Add Pin To Net: Unknown Pin: Pin C1-1
Add Pin To Net: Unknown Pin: Pin C1-1
Add Pin To Net: Unknown Pin: Pin C1-2
Add Pin To Net: Unknown Pin: Pin C1-2
Add Pin To Net: Unknown Pin: Pin C2-1
Add Pin To Net: Unknown Pin: Pin C2-2
Add Pin To Net: Unknown Pin: Pin C3-1
Add Pin To Net: Unknown Pin: Pin C3-2
Add Pin To Net: Unknown Pin: Pin C4-1
Add Pin To Net: Unknown Pin: Pin C4-2
Add Pin To Net: Unknown Pin: Pin C5-1
Add Pin To Net: Unknown Pin: Pin C5-2
Add Pin To Net: Unknown Pin: Pin C6-1
Add Pin To Net: Unknown Pin: Pin C6-2
Add Pin To Net: Unknown Pin: Pin C7-1
Add Pin To Net: Unknown Pin: Pin C7-2
Add Pin To Net: Unknown Pin: Pin C8-1
Add Pin To Net: Unknown Pin: Pin C8-2
Add Pin To Net: Unknown Pin: Pin C9-1
Add Pin To Net: Unknown Pin: Pin C9-2
Add Pin To Net: Unknown Pin: Pin C10-1
Add Pin To Net: Unknown Pin: Pin C10-2
Add Pin To Net: Unknown Pin: Pin C11-1
Add Pin To Net: Unknown Pin: Pin C11-2
Add Pin To Net: Unknown Pin: Pin C12-1
Add Pin To Net: Unknown Pin: Pin C12-2
Add Pin To Net: Unknown Pin: Pin C13-1
Add Pin To Net: Unknown Pin: Pin C13-2
Add Pin To Net: Unknown Pin: Pin C14-1
Add Pin To Net: Unknown Pin: Pin C14-2
Add Pin To Net: Unknown Pin: Pin C15-1
Add Pin To Net: Unknown Pin: Pin C15-2
Add Pin To Net: Unknown Pin: Pin C16-1
Add Pin To Net: Unknown Pin: Pin C16-2
Add Pin To Net: Unknown Pin: Pin C17-1
Add Pin To Net: Unknown Pin: Pin C17-2
Add Pin To Net: Unknown Pin: Pin C18-1
Add Pin To Net: Unknown Pin: Pin C18-2
Add Pin To Net: Unknown Pin: Pin C19-1
Add Pin To Net: Unknown Pin: Pin C19-2
Add Pin To Net: Unknown Pin: Pin D2-1
Add Pin To Net: Unknown Pin: Pin D2-2
Added Pin To Net: NetName=VCC3V3 Pin=J1-1
Added Pin To Net: NetName=VCC5V0 Pin=J1-2
Added Pin To Net: NetName=VCC5V0 Pin=J1-4
Added Pin To Net: NetName=GND Pin=J1-6
Added Pin To Net: NetName=GND Pin=J1-9
Added Pin To Net: NetName=GND Pin=J1-14
Added Pin To Net: NetName=GND Pin=J1-20
Added Pin To Net: NetName=GND Pin=J1-25
Added Pin To Net: NetName=GND Pin=J1-30
Added Pin To Net: NetName=Net*_2 Pin=J1-33
Added Pin To Net: NetName=GND Pin=J1-34
Added Pin To Net: NetName=GND Pin=J1-39
Add Pin To Net: Unknown Pin: Pin J7-1
Add Pin To Net: Unknown Pin: Pin J7-2
Add Pin To Net: Unknown Pin: Pin J7-3
Add Pin To Net: Unknown Pin: Pin J7-4
Add Pin To Net: Unknown Pin: Pin L1-1
Add Pin To Net: Unknown Pin: Pin L1-2
Added Pin To Net: NetName=NetC1_1 Pin=Q1-1
Added Pin To Net: NetName=NetC1_1 Pin=Q1-2
Added Pin To Net: NetName=NetC1_1 Pin=Q1-3
Added Pin To Net: NetName=NetQ1_4 Pin=Q1-4
Added Pin To Net: NetName=VCC15V0 Pin=Q1-5
Added Pin To Net: NetName=VCC15V0 Pin=Q1-6
Added Pin To Net: NetName=GND Pin=Q2-2
Added Pin To Net: NetName=NetQ2_3 Pin=Q2-3
Added Pin To Net: NetName=NetQ2_3 Pin=Q3-1
Added Pin To Net: NetName=VCC15V0 Pin=Q3-2
Added Pin To Net: NetName=NetJ7_2 Pin=Q3-3
Added Pin To Net: NetName=GND Pin=Q4-2
Added Pin To Net: NetName=NetQ4_3 Pin=Q4-3
Added Pin To Net: NetName=NetQ4_3 Pin=Q5-1
Added Pin To Net: NetName=VCC15V0 Pin=Q5-2
Added Pin To Net: NetName=NetJ7_3 Pin=Q5-3
Added Pin To Net: NetName=GND Pin=Q6-2
Added Pin To Net: NetName=NetQ6_3 Pin=Q6-3
Added Pin To Net: NetName=NetQ6_3 Pin=Q7-1
Added Pin To Net: NetName=VCC15V0 Pin=Q7-2
Added Pin To Net: NetName=NetJ7_1 Pin=Q7-3
Add Pin To Net: Unknown Pin: Pin Q8-1
Add Pin To Net: Unknown Pin: Pin Q8-2
Add Pin To Net: Unknown Pin: Pin Q8-3
Add Pin To Net: Unknown Pin: Pin U-1
Add Pin To Net: Unknown Pin: Pin U-1
Add Pin To Net: Unknown Pin: Pin U-2
Add Pin To Net: Unknown Pin: Pin U-2
Add Pin To Net: Unknown Pin: Pin U-3
Add Pin To Net: Unknown Pin: Pin U-3
Add Pin To Net: Unknown Pin: Pin U-4
Add Pin To Net: Unknown Pin: Pin U-4
Add Pin To Net: Unknown Pin: Pin U-5
Add Pin To Net: Unknown Pin: Pin U-5
Add Pin To Net: Unknown Pin: Pin U-6
Add Pin To Net: Unknown Pin: Pin U-7
Add Pin To Net: Unknown Pin: Pin U-8
Add Pin To Net: Unknown Pin: Pin U-9
Add Pin To Net: Unknown Pin: Pin U-9
Add Pin To Net: Unknown Pin: Pin U-10
Add Pin To Net: Unknown Pin: Pin U-11
Add Pin To Net: Unknown Pin: Pin U-12
Add Pin To Net: Unknown Pin: Pin U-13
Add Pin To Net: Unknown Pin: Pin U-14
Add Pin To Net: Unknown Pin: Pin U-14
Add Pin To Net: Unknown Pin: Pin U-15
Add Pin To Net: Unknown Pin: Pin U-16
Added Pin To Net: NetName=NetJ1_12 Pin=J1-12
Added Net: Name=NetJ1_12
Added Pin To Net: NetName=NetJ1_15 Pin=J1-15
Added Pin To Net: NetName=NetJ1_15 Pin=Q4-1
Added Pin To Net: NetName=NetJ1_15 Pin=R24-2
Added Net: Name=NetJ1_15
Added Pin To Net: NetName=NetJ1_19 Pin=J1-19
Added Net: Name=NetJ1_19
Added Pin To Net: NetName=NetJ1_21 Pin=J1-21
Added Net: Name=NetJ1_21
Added Pin To Net: NetName=NetJ1_23 Pin=J1-23
Added Net: Name=NetJ1_23
Added Pin To Net: NetName=NetJ1_26 Pin=J1-26
Added Net: Name=NetJ1_26
Added Pin To Net: NetName=NetJ1_29 Pin=J1-29
Added Pin To Net: NetName=NetJ1_29 Pin=Q6-1
Added Pin To Net: NetName=NetJ1_29 Pin=R26-2
Added Net: Name=NetJ1_29
Added Pin To Net: NetName=NetJ1_31 Pin=J1-31
Added Pin To Net: NetName=NetJ1_31 Pin=Q2-1
Added Pin To Net: NetName=NetJ1_31 Pin=R22-2
Added Net: Name=NetJ1_31
Add Class Member: Failed to add class member : Component *1 Balance Connector
Add Class Member: Failed to add class member : Component * Servo Connector
Add Class Member: Failed to add class member : Component B1 TPS54560BDDA
Added Member To Class: ClassName=BMS Member=Component B2 BQ7790400PWR
Add Class Member: Failed to add class member : Component C1 Main Power Connector
Add Class Member: Failed to add class member : Component C1 Capacitor
Add Class Member: Failed to add class member : Component C2 Capacitor
Add Class Member: Failed to add class member : Component C3 Capacitor
Add Class Member: Failed to add class member : Component C4 Capacitor
Add Class Member: Failed to add class member : Component C5 Capacitor
Add Class Member: Failed to add class member : Component C6 Capacitor
Add Class Member: Failed to add class member : Component C7 Capacitor
Add Class Member: Failed to add class member : Component C8 Capacitor
Add Class Member: Failed to add class member : Component C9 Capacitor
Add Class Member: Failed to add class member : Component C10 Capacitor
Add Class Member: Failed to add class member : Component C11 Capacitor
Add Class Member: Failed to add class member : Component C12 Capacitor
Add Class Member: Failed to add class member : Component C13 Capacitor
Add Class Member: Failed to add class member : Component C14 Capacitor
Add Class Member: Failed to add class member : Component C15 Capacitor
Add Class Member: Failed to add class member : Component C16 Capacitor
Add Class Member: Failed to add class member : Component C17 Capacitor
Add Class Member: Failed to add class member : Component C18 Capacitor
Add Class Member: Failed to add class member : Component C19 Capacitor
Add Class Member: Failed to add class member : Component D2 Shottky Diode
Added Member To Class: ClassName=Jetson Nano Connector Member=Component J1 Jetson Nano Connector
Add Class Member: Failed to add class member : Component J7 LED Connector
Add Class Member: Failed to add class member : Component L1 Inductor
Added Member To Class: ClassName=Power Supply Member=Component Q1 BUK6Y24-40PX
Added Member To Class: ClassName=Status Light Control Member=Component Q2 BSS138W
Added Member To Class: ClassName=Status Light Control Member=Component Q3 BSH202_215
Added Member To Class: ClassName=Status Light Control Member=Component Q4 BSS138W
Added Member To Class: ClassName=Status Light Control Member=Component Q5 BSH202_215
Added Member To Class: ClassName=Status Light Control Member=Component Q6 BSS138W
Added Member To Class: ClassName=Status Light Control Member=Component Q7 BSH202_215
Add Class Member: Failed to add class member : Component Q8 BSS138W
Add Class Member: Failed to add class member : Component U MCP604-I/SL
Add Class Member: Failed to add class member : Component U MCU-MCP3008-I/P(DIP16-7.62MM)
Added Room: Name=ADC Module
Added Room: Name=BMS
Added Room: Name=Jetson Nano Connector
Added Room: Name=Power Supply
Added Room: Name=Status Light Control
