Add Component: Footprint Not Found SOIC127P600X170-8N
Add Component: Footprint Not Found SOT95P230X110-3N
Add Component: Footprint Not Found WSHP28184L000FEA
Add Pin To Net: Unknown Pin: Pin *1-1
Add Pin To Net: Unknown Pin: Pin *1-2
Add Pin To Net: Unknown Pin: Pin *1-3
Add Pin To Net: Unknown Pin: Pin *1-4
Add Pin To Net: Unknown Pin: Pin *1-5
Add Pin To Net: Unknown Pin: Pin B1-1
Add Pin To Net: Unknown Pin: Pin B1-2
Add Pin To Net: Unknown Pin: Pin B1-3
Add Pin To Net: Unknown Pin: Pin B1-4
Add Pin To Net: Unknown Pin: Pin B1-5
Add Pin To Net: Unknown Pin: Pin B1-6
Add Pin To Net: Unknown Pin: Pin B1-7
Add Pin To Net: Unknown Pin: Pin B1-8
Add Pin To Net: Unknown Pin: Pin D2-1
Add Pin To Net: Unknown Pin: Pin D2-2
Add Pin To Net: Unknown Pin: Pin J1-1
Add Pin To Net: Unknown Pin: Pin J1-2
Add Pin To Net: Unknown Pin: Pin J7-1
Add Pin To Net: Unknown Pin: Pin J7-2
Add Pin To Net: Unknown Pin: Pin J7-3
Add Pin To Net: Unknown Pin: Pin J7-4
Add Pin To Net: Unknown Pin: Pin L1-1
Add Pin To Net: Unknown Pin: Pin L1-2
Add Pin To Net: Unknown Pin: Pin Q8-1
Add Pin To Net: Unknown Pin: Pin Q8-2
Add Pin To Net: Unknown Pin: Pin Q8-3
Add Pin To Net: Unknown Pin: Pin S?-1
Add Pin To Net: Unknown Pin: Pin S?-2
Add Pin To Net: Unknown Pin: Pin X1-1
Add Pin To Net: Unknown Pin: Pin X1-2
Add Class Member: Failed to add class member : Component *1 Balance Connector
Add Class Member: Failed to add class member : Component B1 TPS54560BDDA
Add Class Member: Failed to add class member : Component D2 Shottky Diode
Add Class Member: Failed to add class member : Component J1 Main Power Connector
Add Class Member: Failed to add class member : Component J7 LED Connector
Add Class Member: Failed to add class member : Component L1 Inductor
Add Class Member: Failed to add class member : Component Q8 BSS138W
Add Class Member: Failed to add class member : Component S? Switch Normally Opened
Added Member To Class: ClassName=ADC Module Member=Component U MCU-MCP3008-I/P(DIP16-7.62MM)
Add Class Member: Failed to add class member : Component X1 WSHP28184L000FEA
Added Room: Name=ADC Module
Added Room: Name=BMS
Added Room: Name=Jetson Nano Connector
Added Room: Name=Power Supply
Added Room: Name=Status Light Control
