Added Component: Designator=J6(3 Pin 0.1in Header)
Added Component: Designator=J8(3 Pin 0.1in Header)
Added Component: Designator=J9(3 Pin 0.1in Header)
Add Component: Footprint Not Found SOT95P230X110-3N
Add Component: Footprint Not Found WSHP28184L000FEA
Add Pin To Net: Unknown Pin: Pin *1-1
Add Pin To Net: Unknown Pin: Pin *1-2
Add Pin To Net: Unknown Pin: Pin *1-3
Add Pin To Net: Unknown Pin: Pin *1-4
Add Pin To Net: Unknown Pin: Pin *1-5
Add Pin To Net: Unknown Pin: Pin D2-1
Add Pin To Net: Unknown Pin: Pin D2-2
Added Pin To Net: NetName=VCC5V0 Pin=J6-2
Added Pin To Net: NetName=GND Pin=J6-3
Add Pin To Net: Unknown Pin: Pin J7-1
Add Pin To Net: Unknown Pin: Pin J7-2
Add Pin To Net: Unknown Pin: Pin J7-3
Add Pin To Net: Unknown Pin: Pin J7-4
Added Pin To Net: NetName=VCC5V0 Pin=J8-2
Added Pin To Net: NetName=GND Pin=J8-3
Added Pin To Net: NetName=VCC5V0 Pin=J9-2
Added Pin To Net: NetName=GND Pin=J9-3
Add Pin To Net: Unknown Pin: Pin L1-1
Add Pin To Net: Unknown Pin: Pin L1-2
Add Pin To Net: Unknown Pin: Pin Q8-1
Add Pin To Net: Unknown Pin: Pin Q8-2
Add Pin To Net: Unknown Pin: Pin Q8-3
Add Pin To Net: Unknown Pin: Pin S1-1
Add Pin To Net: Unknown Pin: Pin S1-2
Add Pin To Net: Unknown Pin: Pin X1-1
Add Pin To Net: Unknown Pin: Pin X1-2
Added Pin To Net: NetName=NetJ6_1 Pin=J6-1
Added Pin To Net: NetName=NetJ6_1 Pin=U-6
Added Net: Name=NetJ6_1
Added Pin To Net: NetName=NetJ8_1 Pin=J8-1
Added Pin To Net: NetName=NetJ8_1 Pin=U-7
Added Net: Name=NetJ8_1
Added Pin To Net: NetName=NetJ9_1 Pin=J9-1
Added Pin To Net: NetName=NetJ9_1 Pin=U-8
Added Net: Name=NetJ9_1
Add Class Member: Failed to add class member : Component *1 Balance Connector
Add Class Member: Failed to add class member : Component D2 Shottky Diode
Added Member To Class: ClassName=ADC Module Member=Component J6 Servo Connector
Add Class Member: Failed to add class member : Component J7 LED Connector
Added Member To Class: ClassName=ADC Module Member=Component J8 Servo Connector
Added Member To Class: ClassName=ADC Module Member=Component J9 Servo Connector
Add Class Member: Failed to add class member : Component L1 Inductor
Add Class Member: Failed to add class member : Component Q8 BSS138W
Add Class Member: Failed to add class member : Component S1 Switch Normally Opened
Added Member To Class: ClassName=ADC Module Member=Component U MCU-MCP3008-I/P(DIP16-7.62MM)
Add Class Member: Failed to add class member : Component X1 WSHP28184L000FEA
Added Room: Name=ADC Module
Added Room: Name=Ballast Motor Control
Added Room: Name=BMS
Added Room: Name=Jetson Nano Connector
Added Room: Name=Power Supply
Added Room: Name=Status Light Control
