Change Component Designator: OldDesignator=J1- Battery NewDesignator=J1
Change Component Designator: OldDesignator=J3 - Ballast Motor NewDesignator=J3
Added Component: Designator=L1(CDRH10D48ANP7R2MC)
Add component (AddParameter): Name = "Datasheet Link"; Value = "https://datasheet.datasheetarchive.com/originals/distributors/Datasheets-DGA11/2227373.pdf"; VariantName = "[No Variations]"
Add component (AddParameter): Name = "Geometry.Height"; Value = "5mm"; VariantName = "[No Variations]"
Add component (AddParameter): Name = "Manufacturer_Name"; Value = "Sumida"; VariantName = "[No Variations]"
Add component (AddParameter): Name = "Manufacturer_Part_Number"; Value = "CDRH10D48/ANP-7R2MC"; VariantName = "[No Variations]"
Add component (AddParameter): Name = "Mouser Part Number"; Value = "851-CDRH10D48/ANP7R2"; VariantName = "[No Variations]"
Add component (AddParameter): Name = "Mouser Price/Stock"; Value = "https://www.mouser.co.uk/ProductDetail/Sumida/CDRH10D48-ANP-7R2MC?qs=mT6umqgwvA2FCldKZoKGVw%3D%3D"; VariantName = "[No Variations]"
Add Component: Footprint Not Found SOT95P230X110-3N
Add Pin To Net: Unknown Pin: Pin *1-1
Add Pin To Net: Unknown Pin: Pin *1-2
Add Pin To Net: Unknown Pin: Pin *1-3
Add Pin To Net: Unknown Pin: Pin *1-4
Add Pin To Net: Unknown Pin: Pin *1-5
Add Pin To Net: Unknown Pin: Pin D2-1
Add Pin To Net: Unknown Pin: Pin D2-2
Add Pin To Net: Unknown Pin: Pin J7-1
Add Pin To Net: Unknown Pin: Pin J7-2
Add Pin To Net: Unknown Pin: Pin J7-3
Add Pin To Net: Unknown Pin: Pin J7-4
Added Pin To Net: NetName=NetB1_8 Pin=L1-1
Added Pin To Net: NetName=VCC5V0 Pin=L1-3
Add Pin To Net: Unknown Pin: Pin Q8-1
Add Pin To Net: Unknown Pin: Pin Q8-2
Add Pin To Net: Unknown Pin: Pin Q8-3
Add Pin To Net: Unknown Pin: Pin S1-1
Add Pin To Net: Unknown Pin: Pin S1-2
Add Class Member: Failed to add class member : Component *1 Balance Connector
Add Class Member: Failed to add class member : Component D2 Shottky Diode
Add Class Member: Failed to add class member : Component J7 LED Connector
Added Member To Class: ClassName=Power Supply Member=Component L1 CDRH10D48_ANP-7R2MC
Add Class Member: Failed to add class member : Component Q8 BSS138W
Add Class Member: Failed to add class member : Component S1 Switch Normally Opened
Added Room: Name=ADC Module
Added Room: Name=Ballast Motor Control
Added Room: Name=BMS
Added Room: Name=Jetson Nano Connector
Added Room: Name=Power Supply
Added Room: Name=Status Light Control
