Change Component Designator: OldDesignator=J? NewDesignator=J10
Change Component Designator: OldDesignator=R? NewDesignator=R27
Change component parameters: Designator = "R?" ("R?"); Footprint = "6-0805_M"; UniqueID = "\HGWKPUFE\DGQJBWTD" ("\HGWKPUFE\DGQJBWTD")
Change component parameters (AddParameter): Name = "DTEMP"; Value = ""; VariantName = "[No Variations]"
Change component parameters (AddParameter): Name = "SimulationGenericComponent"; Value = "True"; VariantName = "[No Variations]"
Change component parameters (AddParameter): Name = "T_REL_LOCAL"; Value = ""; VariantName = "[No Variations]"
Change component parameters (AddParameter): Name = "TC"; Value = ""; VariantName = "[No Variations]"
Change component parameters (AddParameter): Name = "TC1"; Value = "0"; VariantName = "[No Variations]"
Change component parameters (AddParameter): Name = "TC2"; Value = "0"; VariantName = "[No Variations]"
Change component parameters (AddParameter): Name = "TEMP"; Value = ""; VariantName = "[No Variations]"
Change component parameters (AddParameter): Name = "Value"; Value = "10k"; VariantName = "[No Variations]"
Add Component: Footprint Not Found SOT95P230X110-3N
Add Component: Footprint Not Found SOT95P230X110-3N
Add Pin To Net: Unknown Pin: Pin J7-1
Add Pin To Net: Unknown Pin: Pin J7-2
Add Pin To Net: Unknown Pin: Pin J7-3
Add Pin To Net: Unknown Pin: Pin J7-4
Add Pin To Net: Unknown Pin: Pin Q8-1
Add Pin To Net: Unknown Pin: Pin Q8-2
Add Pin To Net: Unknown Pin: Pin Q8-3
Add Pin To Net: Unknown Pin: Pin Q9-1
Add Pin To Net: Unknown Pin: Pin Q9-2
Add Pin To Net: Unknown Pin: Pin Q9-3
Add Pin To Net: Unknown Pin: Pin S1-1
Add Pin To Net: Unknown Pin: Pin S1-2
Change Net Name : Old Net Name=NetJ?_2 New Net Name=NetJ10_2
Change Net Name : Old Net Name=NetJ?_3 New Net Name=NetJ10_3
Change Net Name : Old Net Name=NetJ?_4 New Net Name=NetJ10_4
Change Net Name : Old Net Name=NetJ?_5 New Net Name=NetJ10_5
Add Class Member: Failed to add class member : Component J7 LED Connector
Add Class Member: Failed to add class member : Component Q8 BSS138W
Add Class Member: Failed to add class member : Component Q9 BSS138W
Add Class Member: Failed to add class member : Component S1 Switch Normally Opened
Added Room: Name=ADC Module
Added Room: Name=Ballast Motor Control
Added Room: Name=BMS
Added Room: Name=Jetson Nano Connector
Added Room: Name=Power Supply
Added Room: Name=Status Light Control
