Removed Pin From Net: NetName=NetC1_1 Pin=C1-1
Change Component Designator: OldDesignator=J1 NewDesignator=J2
Add Component: Footprint Not Found SOIC127P600X170-8N
Add Component: Footprint Not Found SOT95P230X110-3N
Added Component: Designator=U(DIP16-2.54-19.2X7.62MM)
Add component (AddParameter): Name = "Availability"; Value = "Unavailable"; VariantName = "[No Variations]"
Add component (AddParameter): Name = "MF"; Value = "Microchip"; VariantName = "[No Variations]"
Add component (AddParameter): Name = "MP"; Value = "MCP3008-I/P"; VariantName = "[No Variations]"
Add component (AddParameter): Name = "Package"; Value = "DIP-16 Microchip"; VariantName = "[No Variations]"
Add component (AddParameter): Name = "Price"; Value = "None"; VariantName = "[No Variations]"
Add component (AddParameter): Name = "SnapEDA_Link"; Value = "https://www.snapeda.com/parts/MCP3008-I/P/Microchip/view-part/43628/?ref=snap"; VariantName = "[No Variations]"
Add component (AddParameter): Name = "Value"; Value = ""; VariantName = "[No Variations]"
Added Component: Designator=U(SOIC127P600X175-14N)
Add component (AddParameter): Name = "Availability"; Value = "Unavailable"; VariantName = "[No Variations]"
Add component (AddParameter): Name = "MF"; Value = "Microchip"; VariantName = "[No Variations]"
Add component (AddParameter): Name = "MP"; Value = "MCP604-I/SL"; VariantName = "[No Variations]"
Add component (AddParameter): Name = "Package"; Value = "SOIC-14 Microchip"; VariantName = "[No Variations]"
Add component (AddParameter): Name = "Price"; Value = "None"; VariantName = "[No Variations]"
Add component (AddParameter): Name = "SnapEDA_Link"; Value = "https://www.snapeda.com/parts/MCP604-I/SL/Microchip/view-part/49119/?ref=snap"; VariantName = "[No Variations]"
Add component (AddParameter): Name = "Value"; Value = ""; VariantName = "[No Variations]"
Add Component: Footprint Not Found WSHP28184L000FEA
Add Pin To Net: Unknown Pin: Pin *1-1
Add Pin To Net: Unknown Pin: Pin *1-2
Add Pin To Net: Unknown Pin: Pin *1-3
Add Pin To Net: Unknown Pin: Pin *1-4
Add Pin To Net: Unknown Pin: Pin *1-5
Add Pin To Net: Unknown Pin: Pin B1-1
Add Pin To Net: Unknown Pin: Pin B1-2
Add Pin To Net: Unknown Pin: Pin B1-3
Add Pin To Net: Unknown Pin: Pin B1-4
Add Pin To Net: Unknown Pin: Pin B1-5
Add Pin To Net: Unknown Pin: Pin B1-6
Add Pin To Net: Unknown Pin: Pin B1-7
Add Pin To Net: Unknown Pin: Pin B1-8
Added Pin To Net: NetName=NetB1_1 Pin=C1-1
Added Pin To Net: NetName=NetB1_8 Pin=C1-2
Add Pin To Net: Unknown Pin: Pin D2-1
Add Pin To Net: Unknown Pin: Pin D2-2
Add Pin To Net: Unknown Pin: Pin J1-1
Add Pin To Net: Unknown Pin: Pin J7-1
Add Pin To Net: Unknown Pin: Pin J7-2
Add Pin To Net: Unknown Pin: Pin J7-3
Add Pin To Net: Unknown Pin: Pin J7-4
Add Pin To Net: Unknown Pin: Pin L1-1
Add Pin To Net: Unknown Pin: Pin L1-2
Add Pin To Net: Unknown Pin: Pin Q8-1
Add Pin To Net: Unknown Pin: Pin Q8-2
Add Pin To Net: Unknown Pin: Pin Q8-3
Add Pin To Net: Unknown Pin: Pin S?-1
Add Pin To Net: Unknown Pin: Pin S?-2
Added Pin To Net: NetName=NetU_1 Pin=U-1
Added Pin To Net: NetName=NetU_1 Pin=U-1
Added Pin To Net: NetName=NetU_1 Pin=U-2
Added Pin To Net: NetName=NetU_2 Pin=U-2
Added Pin To Net: NetName=NetR15_1 Pin=U-3
Added Pin To Net: NetName=NetU_3 Pin=U-3
Added Pin To Net: NetName=NetU_4 Pin=U-4
Added Pin To Net: NetName=VCC5V0 Pin=U-4
Added Pin To Net: NetName=NetR17_1 Pin=U-5
Added Pin To Net: NetName=NetU_5 Pin=U-5
Added Pin To Net: NetName=NetU_2 Pin=U-6
Added Pin To Net: NetName=NetU_2 Pin=U-7
Added Pin To Net: NetName=NetU_3 Pin=U-8
Added Pin To Net: NetName=GND Pin=U-9
Added Pin To Net: NetName=NetU_3 Pin=U-9
Added Pin To Net: NetName=NetR19_1 Pin=U-10
Added Pin To Net: NetName=GND Pin=U-11
Added Pin To Net: NetName=Net*1_4 Pin=U-12
Added Pin To Net: NetName=NetU_4 Pin=U-13
Added Pin To Net: NetName=GND Pin=U-14
Added Pin To Net: NetName=NetU_4 Pin=U-14
Added Pin To Net: NetName=VCC3V3 Pin=U-15
Added Pin To Net: NetName=VCC3V3 Pin=U-16
Add Pin To Net: Unknown Pin: Pin X1-2
Change Net Name : Old Net Name=NetC1_1 New Net Name=NetJ1_1
Change Net Name : Old Net Name=NetJ1_12 New Net Name=NetJ2_12
Change Net Name : Old Net Name=NetJ1_15 New Net Name=NetJ2_15
Change Net Name : Old Net Name=NetJ1_29 New Net Name=NetJ2_29
Change Net Name : Old Net Name=NetJ1_31 New Net Name=NetJ2_31
Added Pin To Net: NetName=NetJ1_2 Pin=R28-1
Added Net: Name=NetJ1_2
Added Pin To Net: NetName=NetJ2_19 Pin=J2-19
Added Pin To Net: NetName=NetJ2_19 Pin=U-11
Added Net: Name=NetJ2_19
Added Pin To Net: NetName=NetJ2_21 Pin=J2-21
Added Pin To Net: NetName=NetJ2_21 Pin=U-12
Added Net: Name=NetJ2_21
Added Pin To Net: NetName=NetJ2_23 Pin=J2-23
Added Pin To Net: NetName=NetJ2_23 Pin=U-13
Added Net: Name=NetJ2_23
Added Pin To Net: NetName=NetJ2_26 Pin=J2-26
Added Pin To Net: NetName=NetJ2_26 Pin=U-10
Added Net: Name=NetJ2_26
Add Class Member: Failed to add class member : Component *1 Balance Connector
Add Class Member: Failed to add class member : Component B1 TPS54560BDDA
Add Class Member: Failed to add class member : Component D2 Shottky Diode
Add Class Member: Failed to add class member : Component J7 LED Connector
Add Class Member: Failed to add class member : Component L1 Inductor
Add Class Member: Failed to add class member : Component Q8 BSS138W
Add Class Member: Failed to add class member : Component S? Switch Normally Opened
Added Member To Class: ClassName=ADC Module Member=Component U MCU-MCP3008-I/P(DIP16-7.62MM)
Added Member To Class: ClassName=ADC Module Member=Component U MCP604-I/SL
Add Class Member: Failed to add class member : Component X1 WSHP28184L000FEA
Added Room: Name=ADC Module
Added Room: Name=BMS
Added Room: Name=Jetson Nano Connector
Added Room: Name=Power Supply
Added Room: Name=Status Light Control
